<?xml version="1.0" encoding="UTF-8"?>
<!-- Generated by org.testng.reporters.JUnitXMLReporter -->
<testsuite ignored="1" hostname="NAN1DSK0146" failures="0" tests="1" name="Default test" time="35.884" errors="0" timestamp="06 May 2019 10:18:22 GMT">
  <testcase classname="scripts.TestExamples" name="testLogin_Logout" time="29.088"/>
  <testcase classname="config.StartBrowser" name="@BeforeTest report" time="0.0">
    <ignored/>
  </testcase> <!-- @BeforeTest report -->
</testsuite> <!-- Default test -->
