<?xml version="1.0" encoding="UTF-8"?>
<testng-results ignored="0" total="1" passed="1" failed="0" skipped="0">
  <reporter-output>
  </reporter-output>
  <suite started-at="2019-05-02T16:55:46Z" name="Suite" finished-at="2019-05-02T16:56:03Z" duration-ms="16054">
    <groups>
    </groups>
    <test started-at="2019-05-02T16:55:46Z" name="Test" finished-at="2019-05-02T16:56:03Z" duration-ms="16054">
      <class name="scripts.TestExamples">
        <test-method is-config="true" signature="report()[pri:0, instance:scripts.TestExamples@79ad8b2f]" started-at="2019-05-02T16:55:46Z" name="report" finished-at="2019-05-02T16:55:47Z" duration-ms="146" status="PASS">
          <reporter-output>
          </reporter-output>
        </test-method> <!-- report -->
        <test-method is-config="true" signature="beforeClass()[pri:0, instance:scripts.TestExamples@79ad8b2f]" started-at="2019-05-02T16:55:47Z" name="beforeClass" finished-at="2019-05-02T16:55:52Z" duration-ms="4962" status="PASS">
          <reporter-output>
          </reporter-output>
        </test-method> <!-- beforeClass -->
        <test-method is-config="true" signature="method(java.lang.reflect.Method)[pri:0, instance:scripts.TestExamples@79ad8b2f]" started-at="2019-05-02T16:55:52Z" name="method" finished-at="2019-05-02T16:55:52Z" duration-ms="6" status="PASS">
          <params>
            <param index="0">
              <value>
                <![CDATA[public void scripts.TestExamples.testLogin_Logout() throws java.lang.Exception]]>
              </value>
            </param>
          </params>
          <reporter-output>
          </reporter-output>
        </test-method> <!-- method -->
        <test-method signature="testLogin_Logout()[pri:0, instance:scripts.TestExamples@79ad8b2f]" started-at="2019-05-02T16:55:52Z" name="testLogin_Logout" finished-at="2019-05-02T16:56:01Z" duration-ms="9733" status="PASS">
          <reporter-output>
          </reporter-output>
        </test-method> <!-- testLogin_Logout -->
        <test-method is-config="true" signature="afterClass()[pri:0, instance:scripts.TestExamples@79ad8b2f]" started-at="2019-05-02T16:56:01Z" name="afterClass" finished-at="2019-05-02T16:56:03Z" duration-ms="1187" status="PASS">
          <reporter-output>
          </reporter-output>
        </test-method> <!-- afterClass -->
      </class> <!-- scripts.TestExamples -->
    </test> <!-- Test -->
  </suite> <!-- Suite -->
</testng-results>
