<?xml version="1.0" encoding="UTF-8"?>
<testng-results ignored="1" total="2" passed="1" failed="0" skipped="0">
  <reporter-output>
  </reporter-output>
  <suite started-at="2019-05-06T10:17:46Z" name="Default suite" finished-at="2019-05-06T10:18:22Z" duration-ms="35884">
    <groups>
    </groups>
    <test started-at="2019-05-06T10:17:46Z" name="Default test" finished-at="2019-05-06T10:18:22Z" duration-ms="35884">
      <class name="scripts.TestExamples">
        <test-method is-config="true" signature="report()[pri:0, instance:scripts.TestExamples@419c5f1a]" started-at="2019-05-06T10:17:46Z" name="report" finished-at="2019-05-06T10:17:46Z" duration-ms="149" status="PASS">
          <reporter-output>
          </reporter-output>
        </test-method> <!-- report -->
        <test-method is-config="true" signature="beforeClass()[pri:0, instance:scripts.TestExamples@419c5f1a]" started-at="2019-05-06T10:17:46Z" name="beforeClass" finished-at="2019-05-06T10:17:51Z" duration-ms="5135" status="PASS">
          <reporter-output>
          </reporter-output>
        </test-method> <!-- beforeClass -->
        <test-method is-config="true" signature="method(java.lang.reflect.Method)[pri:0, instance:scripts.TestExamples@419c5f1a]" started-at="2019-05-06T10:17:51Z" name="method" finished-at="2019-05-06T10:17:51Z" duration-ms="8" status="PASS">
          <params>
            <param index="0">
              <value>
                <![CDATA[public void scripts.TestExamples.testLogin_Logout() throws java.lang.Exception]]>
              </value>
            </param>
          </params>
          <reporter-output>
          </reporter-output>
        </test-method> <!-- method -->
        <test-method signature="testLogin_Logout()[pri:0, instance:scripts.TestExamples@419c5f1a]" started-at="2019-05-06T10:17:51Z" name="testLogin_Logout" finished-at="2019-05-06T10:18:21Z" duration-ms="29088" status="PASS">
          <reporter-output>
          </reporter-output>
        </test-method> <!-- testLogin_Logout -->
        <test-method is-config="true" signature="afterClass()[pri:0, instance:scripts.TestExamples@419c5f1a]" started-at="2019-05-06T10:18:21Z" name="afterClass" finished-at="2019-05-06T10:18:22Z" duration-ms="1485" status="PASS">
          <reporter-output>
          </reporter-output>
        </test-method> <!-- afterClass -->
      </class> <!-- scripts.TestExamples -->
    </test> <!-- Default test -->
  </suite> <!-- Default suite -->
</testng-results>
